[debug] [2017-07-29T20:08:38.762Z] ----------------------------------------------------------------------
[debug] [2017-07-29T20:08:38.764Z] Command:      /usr/local/Cellar/node/8.1.3/bin/node /usr/local/bin/firebase deploy
[debug] [2017-07-29T20:08:38.764Z] CLI Version:  3.9.1
[debug] [2017-07-29T20:08:38.764Z] Platform:     darwin
[debug] [2017-07-29T20:08:38.764Z] Node Version: v8.1.3
[debug] [2017-07-29T20:08:38.765Z] Time:         Sat Jul 29 2017 15:08:38 GMT-0500 (CDT)
[debug] [2017-07-29T20:08:38.765Z] ----------------------------------------------------------------------
[debug] 
[debug] [2017-07-29T20:08:38.778Z] > command requires scopes: ["email","openid","https://www.googleapis.com/auth/cloudplatformprojects.readonly","https://www.googleapis.com/auth/firebase","https://www.googleapis.com/auth/cloud-platform"]
[debug] [2017-07-29T20:08:38.779Z] > authorizing via signed-in user
[debug] [2017-07-29T20:08:38.780Z] > refreshing access token with scopes: ["email","https://www.googleapis.com/auth/cloud-platform","https://www.googleapis.com/auth/cloudplatformprojects.readonly","https://www.googleapis.com/auth/firebase","openid"]
[debug] [2017-07-29T20:08:38.781Z] >>> HTTP REQUEST POST https://www.googleapis.com/oauth2/v3/token { refresh_token: '1/AQYZHHGTtnZajQLtvL5-oxd1StoDTfpIuUl4M7XlLYA',
  client_id: '563584335869-fgrhgmd47bqnekij5i8b5pr03ho849e6.apps.googleusercontent.com',
  client_secret: 'j9iVZfS8kkCEFUPaAeJV0sAi',
  grant_type: 'refresh_token',
  scope: 'email https://www.googleapis.com/auth/cloud-platform https://www.googleapis.com/auth/cloudplatformprojects.readonly https://www.googleapis.com/auth/firebase openid' } 
 Sat Jul 29 2017 15:08:38 GMT-0500 (CDT)
[debug] [2017-07-29T20:08:38.911Z] <<< HTTP RESPONSE 200
[debug] [2017-07-29T20:08:38.918Z] >>> HTTP REQUEST GET https://admin.firebase.com/v1/projects/roomie-split  
 Sat Jul 29 2017 15:08:38 GMT-0500 (CDT)
